<?xml version="1.0" encoding="UTF-8"?>
<testng-results skipped="0" failed="0" total="1" passed="1">
  <reporter-output>
  </reporter-output>
  <suite name="Default suite" duration-ms="52195" started-at="2014-09-29T13:50:46Z" finished-at="2014-09-29T13:51:38Z">
    <groups>
    </groups>
    <test name="Default test" duration-ms="52195" started-at="2014-09-29T13:50:46Z" finished-at="2014-09-29T13:51:38Z">
      <class name="groupTestNG.NewTest">
        <test-method status="PASS" signature="beforeMethod()[pri:0, instance:groupTestNG.NewTest@1e89831]" name="beforeMethod" is-config="true" duration-ms="45013" started-at="2014-09-29T19:20:46Z" finished-at="2014-09-29T19:21:31Z">
          <reporter-output>
          </reporter-output>
        </test-method> <!-- beforeMethod -->
        <test-method status="PASS" signature="firstTest()[pri:0, instance:groupTestNG.NewTest@1e89831]" name="firstTest" duration-ms="911" started-at="2014-09-29T19:21:31Z" finished-at="2014-09-29T19:21:32Z">
          <reporter-output>
          </reporter-output>
        </test-method> <!-- firstTest -->
        <test-method status="PASS" signature="afterMethod()[pri:0, instance:groupTestNG.NewTest@1e89831]" name="afterMethod" is-config="true" duration-ms="6250" started-at="2014-09-29T19:21:32Z" finished-at="2014-09-29T19:21:38Z">
          <reporter-output>
          </reporter-output>
        </test-method> <!-- afterMethod -->
      </class> <!-- groupTestNG.NewTest -->
    </test> <!-- Default test -->
  </suite> <!-- Default suite -->
</testng-results>
